[0.612s] Invoking command in '/home/serch/mcrxe80-final-challenge/src/iolair': PYTHONPATH=/home/serch/mcrxe80-final-challenge/build/iolair/prefix_override:/usr/lib/python3/dist-packages/colcon_core/task/python/colcon_distutils_commands:/home/serch/mcrxe80-final-challenge/install/iolair/lib/python3.10/site-packages:${PYTHONPATH} /usr/bin/python3 -W ignore:setup.py install is deprecated -W ignore:easy_install command is deprecated setup.py egg_info --egg-base ../../build/iolair build --build-base /home/serch/mcrxe80-final-challenge/build/iolair/build install --record /home/serch/mcrxe80-final-challenge/build/iolair/install.log --single-version-externally-managed install_data
[0.821s] running egg_info
[0.822s] writing ../../build/iolair/iolair.egg-info/PKG-INFO
[0.822s] writing dependency_links to ../../build/iolair/iolair.egg-info/dependency_links.txt
[0.822s] writing entry points to ../../build/iolair/iolair.egg-info/entry_points.txt
[0.823s] writing requirements to ../../build/iolair/iolair.egg-info/requires.txt
[0.823s] writing top-level names to ../../build/iolair/iolair.egg-info/top_level.txt
[0.824s] reading manifest file '../../build/iolair/iolair.egg-info/SOURCES.txt'
[0.825s] writing manifest file '../../build/iolair/iolair.egg-info/SOURCES.txt'
[0.825s] running build
[0.825s] running build_py
[0.825s] copying iolair/puzzlebotGoToGoal.py -> /home/serch/mcrxe80-final-challenge/build/iolair/build/lib/iolair
[0.825s] copying iolair/puzzlebotController.py -> /home/serch/mcrxe80-final-challenge/build/iolair/build/lib/iolair
[0.825s] copying iolair/puzzlebotOdometry.py -> /home/serch/mcrxe80-final-challenge/build/iolair/build/lib/iolair
[0.826s] running install
[0.826s] running install_lib
[0.827s] copying /home/serch/mcrxe80-final-challenge/build/iolair/build/lib/iolair/puzzlebotGoToGoal.py -> /home/serch/mcrxe80-final-challenge/install/iolair/lib/python3.10/site-packages/iolair
[0.827s] copying /home/serch/mcrxe80-final-challenge/build/iolair/build/lib/iolair/puzzlebotController.py -> /home/serch/mcrxe80-final-challenge/install/iolair/lib/python3.10/site-packages/iolair
[0.827s] copying /home/serch/mcrxe80-final-challenge/build/iolair/build/lib/iolair/puzzlebotOdometry.py -> /home/serch/mcrxe80-final-challenge/install/iolair/lib/python3.10/site-packages/iolair
[0.827s] byte-compiling /home/serch/mcrxe80-final-challenge/install/iolair/lib/python3.10/site-packages/iolair/puzzlebotGoToGoal.py to puzzlebotGoToGoal.cpython-310.pyc
[0.828s] byte-compiling /home/serch/mcrxe80-final-challenge/install/iolair/lib/python3.10/site-packages/iolair/puzzlebotController.py to puzzlebotController.cpython-310.pyc
[0.828s] byte-compiling /home/serch/mcrxe80-final-challenge/install/iolair/lib/python3.10/site-packages/iolair/puzzlebotOdometry.py to puzzlebotOdometry.cpython-310.pyc
[0.829s] running install_data
[0.829s] creating /home/serch/mcrxe80-final-challenge/install/iolair/share/iolair/launch
[0.829s] copying launch/odometry.launch.py -> /home/serch/mcrxe80-final-challenge/install/iolair/share/iolair/launch
[0.829s] running install_egg_info
[0.830s] removing '/home/serch/mcrxe80-final-challenge/install/iolair/lib/python3.10/site-packages/iolair-0.0.0-py3.10.egg-info' (and everything under it)
[0.831s] Copying ../../build/iolair/iolair.egg-info to /home/serch/mcrxe80-final-challenge/install/iolair/lib/python3.10/site-packages/iolair-0.0.0-py3.10.egg-info
[0.831s] running install_scripts
[0.846s] Installing controlador script to /home/serch/mcrxe80-final-challenge/install/iolair/lib/iolair
[0.846s] Installing go_to_goal script to /home/serch/mcrxe80-final-challenge/install/iolair/lib/iolair
[0.847s] Installing odometria script to /home/serch/mcrxe80-final-challenge/install/iolair/lib/iolair
[0.847s] writing list of installed files to '/home/serch/mcrxe80-final-challenge/build/iolair/install.log'
[0.863s] Invoked command in '/home/serch/mcrxe80-final-challenge/src/iolair' returned '0': PYTHONPATH=/home/serch/mcrxe80-final-challenge/build/iolair/prefix_override:/usr/lib/python3/dist-packages/colcon_core/task/python/colcon_distutils_commands:/home/serch/mcrxe80-final-challenge/install/iolair/lib/python3.10/site-packages:${PYTHONPATH} /usr/bin/python3 -W ignore:setup.py install is deprecated -W ignore:easy_install command is deprecated setup.py egg_info --egg-base ../../build/iolair build --build-base /home/serch/mcrxe80-final-challenge/build/iolair/build install --record /home/serch/mcrxe80-final-challenge/build/iolair/install.log --single-version-externally-managed install_data
