[0.621s] Invoking command in '/home/serch/mcrxe80-final-challenge/src/iolair': PYTHONPATH=/home/serch/mcrxe80-final-challenge/build/iolair/prefix_override:/usr/lib/python3/dist-packages/colcon_core/task/python/colcon_distutils_commands:/home/serch/mcrxe80-final-challenge/install/iolair/lib/python3.10/site-packages:${PYTHONPATH} /usr/bin/python3 -W ignore:setup.py install is deprecated -W ignore:easy_install command is deprecated setup.py egg_info --egg-base ../../build/iolair build --build-base /home/serch/mcrxe80-final-challenge/build/iolair/build install --record /home/serch/mcrxe80-final-challenge/build/iolair/install.log --single-version-externally-managed install_data
[0.828s] running egg_info
[0.828s] writing ../../build/iolair/iolair.egg-info/PKG-INFO
[0.829s] writing dependency_links to ../../build/iolair/iolair.egg-info/dependency_links.txt
[0.829s] writing entry points to ../../build/iolair/iolair.egg-info/entry_points.txt
[0.829s] writing requirements to ../../build/iolair/iolair.egg-info/requires.txt
[0.829s] writing top-level names to ../../build/iolair/iolair.egg-info/top_level.txt
[0.830s] reading manifest file '../../build/iolair/iolair.egg-info/SOURCES.txt'
[0.831s] writing manifest file '../../build/iolair/iolair.egg-info/SOURCES.txt'
[0.831s] running build
[0.831s] running build_py
[0.832s] running install
[0.832s] running install_lib
[0.833s] running install_data
[0.833s] running install_egg_info
[0.834s] removing '/home/serch/mcrxe80-final-challenge/install/iolair/lib/python3.10/site-packages/iolair-0.0.0-py3.10.egg-info' (and everything under it)
[0.835s] Copying ../../build/iolair/iolair.egg-info to /home/serch/mcrxe80-final-challenge/install/iolair/lib/python3.10/site-packages/iolair-0.0.0-py3.10.egg-info
[0.835s] running install_scripts
[0.850s] Installing controlador script to /home/serch/mcrxe80-final-challenge/install/iolair/lib/iolair
[0.850s] Installing go_to_goal script to /home/serch/mcrxe80-final-challenge/install/iolair/lib/iolair
[0.850s] Installing odometria script to /home/serch/mcrxe80-final-challenge/install/iolair/lib/iolair
[0.850s] writing list of installed files to '/home/serch/mcrxe80-final-challenge/build/iolair/install.log'
[0.867s] Invoked command in '/home/serch/mcrxe80-final-challenge/src/iolair' returned '0': PYTHONPATH=/home/serch/mcrxe80-final-challenge/build/iolair/prefix_override:/usr/lib/python3/dist-packages/colcon_core/task/python/colcon_distutils_commands:/home/serch/mcrxe80-final-challenge/install/iolair/lib/python3.10/site-packages:${PYTHONPATH} /usr/bin/python3 -W ignore:setup.py install is deprecated -W ignore:easy_install command is deprecated setup.py egg_info --egg-base ../../build/iolair build --build-base /home/serch/mcrxe80-final-challenge/build/iolair/build install --record /home/serch/mcrxe80-final-challenge/build/iolair/install.log --single-version-externally-managed install_data
