/home/serch/mcrxe80-final-challenge/install/iolair/lib/python3.10/site-packages/iolair/__init__.py
/home/serch/mcrxe80-final-challenge/install/iolair/lib/python3.10/site-packages/iolair/puzzlebotGoToGoal.py
/home/serch/mcrxe80-final-challenge/install/iolair/lib/python3.10/site-packages/iolair/puzzlebotController.py
/home/serch/mcrxe80-final-challenge/install/iolair/lib/python3.10/site-packages/iolair/puzzlebotOdometry.py
/home/serch/mcrxe80-final-challenge/install/iolair/lib/python3.10/site-packages/iolair/__pycache__/__init__.cpython-310.pyc
/home/serch/mcrxe80-final-challenge/install/iolair/lib/python3.10/site-packages/iolair/__pycache__/puzzlebotGoToGoal.cpython-310.pyc
/home/serch/mcrxe80-final-challenge/install/iolair/lib/python3.10/site-packages/iolair/__pycache__/puzzlebotController.cpython-310.pyc
/home/serch/mcrxe80-final-challenge/install/iolair/lib/python3.10/site-packages/iolair/__pycache__/puzzlebotOdometry.cpython-310.pyc
/home/serch/mcrxe80-final-challenge/install/iolair/share/ament_index/resource_index/packages/iolair
/home/serch/mcrxe80-final-challenge/install/iolair/share/iolair/package.xml
/home/serch/mcrxe80-final-challenge/install/iolair/share/iolair/launch/odometry.launch.py
/home/serch/mcrxe80-final-challenge/install/iolair/lib/python3.10/site-packages/iolair-0.0.0-py3.10.egg-info/zip-safe
/home/serch/mcrxe80-final-challenge/install/iolair/lib/python3.10/site-packages/iolair-0.0.0-py3.10.egg-info/entry_points.txt
/home/serch/mcrxe80-final-challenge/install/iolair/lib/python3.10/site-packages/iolair-0.0.0-py3.10.egg-info/top_level.txt
/home/serch/mcrxe80-final-challenge/install/iolair/lib/python3.10/site-packages/iolair-0.0.0-py3.10.egg-info/requires.txt
/home/serch/mcrxe80-final-challenge/install/iolair/lib/python3.10/site-packages/iolair-0.0.0-py3.10.egg-info/PKG-INFO
/home/serch/mcrxe80-final-challenge/install/iolair/lib/python3.10/site-packages/iolair-0.0.0-py3.10.egg-info/dependency_links.txt
/home/serch/mcrxe80-final-challenge/install/iolair/lib/python3.10/site-packages/iolair-0.0.0-py3.10.egg-info/SOURCES.txt
/home/serch/mcrxe80-final-challenge/install/iolair/lib/iolair/controlador
/home/serch/mcrxe80-final-challenge/install/iolair/lib/iolair/go_to_goal
/home/serch/mcrxe80-final-challenge/install/iolair/lib/iolair/odometria
