[0.724s] Invoking command in '/home/serch/mcrxe80-final-challenge/src/iolair': PYTHONPATH=/home/serch/mcrxe80-final-challenge/build/iolair/prefix_override:/usr/lib/python3/dist-packages/colcon_core/task/python/colcon_distutils_commands:/home/serch/mcrxe80-final-challenge/install/iolair/lib/python3.10/site-packages:${PYTHONPATH} /usr/bin/python3 -W ignore:setup.py install is deprecated -W ignore:easy_install command is deprecated setup.py egg_info --egg-base ../../build/iolair build --build-base /home/serch/mcrxe80-final-challenge/build/iolair/build install --record /home/serch/mcrxe80-final-challenge/build/iolair/install.log --single-version-externally-managed install_data
[0.931s] running egg_info
[0.931s] creating ../../build/iolair/iolair.egg-info
[0.931s] writing ../../build/iolair/iolair.egg-info/PKG-INFO
[0.931s] writing dependency_links to ../../build/iolair/iolair.egg-info/dependency_links.txt
[0.931s] writing entry points to ../../build/iolair/iolair.egg-info/entry_points.txt
[0.931s] writing requirements to ../../build/iolair/iolair.egg-info/requires.txt
[0.932s] writing top-level names to ../../build/iolair/iolair.egg-info/top_level.txt
[0.932s] writing manifest file '../../build/iolair/iolair.egg-info/SOURCES.txt'
[0.933s] reading manifest file '../../build/iolair/iolair.egg-info/SOURCES.txt'
[0.933s] writing manifest file '../../build/iolair/iolair.egg-info/SOURCES.txt'
[0.933s] running build
[0.933s] running build_py
[0.933s] creating /home/serch/mcrxe80-final-challenge/build/iolair/build
[0.934s] creating /home/serch/mcrxe80-final-challenge/build/iolair/build/lib
[0.934s] creating /home/serch/mcrxe80-final-challenge/build/iolair/build/lib/iolair
[0.934s] copying iolair/__init__.py -> /home/serch/mcrxe80-final-challenge/build/iolair/build/lib/iolair
[0.934s] copying iolair/odometria.py -> /home/serch/mcrxe80-final-challenge/build/iolair/build/lib/iolair
[0.934s] copying iolair/PuzzlebotController.py -> /home/serch/mcrxe80-final-challenge/build/iolair/build/lib/iolair
[0.934s] running install
[0.934s] running install_lib
[0.935s] creating /home/serch/mcrxe80-final-challenge/install/iolair/lib/python3.10/site-packages/iolair
[0.935s] copying /home/serch/mcrxe80-final-challenge/build/iolair/build/lib/iolair/__init__.py -> /home/serch/mcrxe80-final-challenge/install/iolair/lib/python3.10/site-packages/iolair
[0.935s] copying /home/serch/mcrxe80-final-challenge/build/iolair/build/lib/iolair/odometria.py -> /home/serch/mcrxe80-final-challenge/install/iolair/lib/python3.10/site-packages/iolair
[0.935s] copying /home/serch/mcrxe80-final-challenge/build/iolair/build/lib/iolair/PuzzlebotController.py -> /home/serch/mcrxe80-final-challenge/install/iolair/lib/python3.10/site-packages/iolair
[0.935s] byte-compiling /home/serch/mcrxe80-final-challenge/install/iolair/lib/python3.10/site-packages/iolair/__init__.py to __init__.cpython-310.pyc
[0.936s] byte-compiling /home/serch/mcrxe80-final-challenge/install/iolair/lib/python3.10/site-packages/iolair/odometria.py to odometria.cpython-310.pyc
[0.936s] byte-compiling /home/serch/mcrxe80-final-challenge/install/iolair/lib/python3.10/site-packages/iolair/PuzzlebotController.py to PuzzlebotController.cpython-310.pyc
[0.936s] running install_data
[0.936s] creating /home/serch/mcrxe80-final-challenge/install/iolair/share/ament_index
[0.936s] creating /home/serch/mcrxe80-final-challenge/install/iolair/share/ament_index/resource_index
[0.936s] creating /home/serch/mcrxe80-final-challenge/install/iolair/share/ament_index/resource_index/packages
[0.936s] copying resource/iolair -> /home/serch/mcrxe80-final-challenge/install/iolair/share/ament_index/resource_index/packages
[0.936s] copying package.xml -> /home/serch/mcrxe80-final-challenge/install/iolair/share/iolair
[0.936s] running install_egg_info
[0.938s] Copying ../../build/iolair/iolair.egg-info to /home/serch/mcrxe80-final-challenge/install/iolair/lib/python3.10/site-packages/iolair-0.0.0-py3.10.egg-info
[0.939s] running install_scripts
[0.954s] writing list of installed files to '/home/serch/mcrxe80-final-challenge/build/iolair/install.log'
[0.974s] Invoked command in '/home/serch/mcrxe80-final-challenge/src/iolair' returned '0': PYTHONPATH=/home/serch/mcrxe80-final-challenge/build/iolair/prefix_override:/usr/lib/python3/dist-packages/colcon_core/task/python/colcon_distutils_commands:/home/serch/mcrxe80-final-challenge/install/iolair/lib/python3.10/site-packages:${PYTHONPATH} /usr/bin/python3 -W ignore:setup.py install is deprecated -W ignore:easy_install command is deprecated setup.py egg_info --egg-base ../../build/iolair build --build-base /home/serch/mcrxe80-final-challenge/build/iolair/build install --record /home/serch/mcrxe80-final-challenge/build/iolair/install.log --single-version-externally-managed install_data
